{"/home/akrsmv/inctasoft/simple-ts-logging/src/log.ts": {"path":"/home/akrsmv/inctasoft/simple-ts-logging/src/log.ts","all":false,"statementMap":{"0":{"start":{"line":1,"column":0},"end":{"line":1,"column":30}},"1":{"start":{"line":2,"column":0},"end":{"line":2,"column":0}},"2":{"start":{"line":3,"column":0},"end":{"line":3,"column":60}},"3":{"start":{"line":4,"column":0},"end":{"line":4,"column":0}},"4":{"start":{"line":5,"column":0},"end":{"line":5,"column":18}},"5":{"start":{"line":6,"column":0},"end":{"line":6,"column":36}},"6":{"start":{"line":7,"column":0},"end":{"line":7,"column":0}},"7":{"start":{"line":8,"column":0},"end":{"line":8,"column":33}},"8":{"start":{"line":9,"column":0},"end":{"line":9,"column":36}},"9":{"start":{"line":10,"column":0},"end":{"line":10,"column":5}},"10":{"start":{"line":11,"column":0},"end":{"line":11,"column":0}},"11":{"start":{"line":12,"column":0},"end":{"line":12,"column":76}},"12":{"start":{"line":13,"column":0},"end":{"line":13,"column":79}},"13":{"start":{"line":14,"column":0},"end":{"line":14,"column":54}},"14":{"start":{"line":15,"column":0},"end":{"line":15,"column":9}},"15":{"start":{"line":16,"column":0},"end":{"line":16,"column":50}},"16":{"start":{"line":17,"column":0},"end":{"line":17,"column":73}},"17":{"start":{"line":18,"column":0},"end":{"line":18,"column":16}},"18":{"start":{"line":19,"column":0},"end":{"line":19,"column":44}},"19":{"start":{"line":20,"column":0},"end":{"line":20,"column":9}},"20":{"start":{"line":21,"column":0},"end":{"line":21,"column":5}},"21":{"start":{"line":22,"column":0},"end":{"line":22,"column":0}},"22":{"start":{"line":23,"column":0},"end":{"line":23,"column":119}},"23":{"start":{"line":24,"column":0},"end":{"line":24,"column":0}},"24":{"start":{"line":25,"column":0},"end":{"line":25,"column":80}},"25":{"start":{"line":26,"column":0},"end":{"line":26,"column":77}},"26":{"start":{"line":27,"column":0},"end":{"line":27,"column":132}},"27":{"start":{"line":28,"column":0},"end":{"line":28,"column":9}},"28":{"start":{"line":29,"column":0},"end":{"line":29,"column":5}},"29":{"start":{"line":30,"column":0},"end":{"line":30,"column":0}},"30":{"start":{"line":31,"column":0},"end":{"line":31,"column":90}},"31":{"start":{"line":32,"column":0},"end":{"line":32,"column":91}},"32":{"start":{"line":33,"column":0},"end":{"line":33,"column":90}},"33":{"start":{"line":34,"column":0},"end":{"line":34,"column":91}},"34":{"start":{"line":35,"column":0},"end":{"line":35,"column":93}},"35":{"start":{"line":36,"column":0},"end":{"line":36,"column":0}},"36":{"start":{"line":37,"column":0},"end":{"line":37,"column":1}}},"s":{"0":1,"1":1,"2":1,"3":1,"4":1,"5":1,"6":1,"7":1,"8":4,"9":4,"10":1,"11":1,"12":11,"13":8,"14":8,"15":3,"16":1,"17":3,"18":2,"19":2,"20":11,"21":1,"22":1,"23":1,"24":1,"25":31,"26":19,"27":19,"28":31,"29":1,"30":1,"31":1,"32":1,"33":1,"34":1,"35":1,"36":1},"branchMap":{"0":{"type":"branch","line":8,"loc":{"start":{"line":8,"column":4},"end":{"line":10,"column":5}},"locations":[{"start":{"line":8,"column":4},"end":{"line":10,"column":5}}]},"1":{"type":"branch","line":12,"loc":{"start":{"line":12,"column":4},"end":{"line":21,"column":5}},"locations":[{"start":{"line":12,"column":4},"end":{"line":21,"column":5}}]},"2":{"type":"branch","line":13,"loc":{"start":{"line":13,"column":41},"end":{"line":13,"column":76}},"locations":[{"start":{"line":13,"column":41},"end":{"line":13,"column":76}}]},"3":{"type":"branch","line":13,"loc":{"start":{"line":13,"column":78},"end":{"line":15,"column":9}},"locations":[{"start":{"line":13,"column":78},"end":{"line":15,"column":9}}]},"4":{"type":"branch","line":16,"loc":{"start":{"line":16,"column":-1},"end":{"line":20,"column":9}},"locations":[{"start":{"line":16,"column":-1},"end":{"line":20,"column":9}}]},"5":{"type":"branch","line":16,"loc":{"start":{"line":16,"column":28},"end":{"line":16,"column":47}},"locations":[{"start":{"line":16,"column":28},"end":{"line":16,"column":47}}]},"6":{"type":"branch","line":16,"loc":{"start":{"line":16,"column":49},"end":{"line":18,"column":15}},"locations":[{"start":{"line":16,"column":49},"end":{"line":18,"column":15}}]},"7":{"type":"branch","line":18,"loc":{"start":{"line":18,"column":9},"end":{"line":20,"column":9}},"locations":[{"start":{"line":18,"column":9},"end":{"line":20,"column":9}}]},"8":{"type":"branch","line":23,"loc":{"start":{"line":23,"column":31},"end":{"line":23,"column":119}},"locations":[{"start":{"line":23,"column":31},"end":{"line":23,"column":119}}]},"9":{"type":"branch","line":23,"loc":{"start":{"line":23,"column":107},"end":{"line":23,"column":117}},"locations":[{"start":{"line":23,"column":107},"end":{"line":23,"column":117}}]},"10":{"type":"branch","line":31,"loc":{"start":{"line":31,"column":18},"end":{"line":31,"column":89}},"locations":[{"start":{"line":31,"column":18},"end":{"line":31,"column":89}}]},"11":{"type":"branch","line":32,"loc":{"start":{"line":32,"column":19},"end":{"line":32,"column":90}},"locations":[{"start":{"line":32,"column":19},"end":{"line":32,"column":90}}]},"12":{"type":"branch","line":33,"loc":{"start":{"line":33,"column":18},"end":{"line":33,"column":89}},"locations":[{"start":{"line":33,"column":18},"end":{"line":33,"column":89}}]},"13":{"type":"branch","line":34,"loc":{"start":{"line":34,"column":18},"end":{"line":34,"column":90}},"locations":[{"start":{"line":34,"column":18},"end":{"line":34,"column":90}}]},"14":{"type":"branch","line":35,"loc":{"start":{"line":35,"column":19},"end":{"line":35,"column":92}},"locations":[{"start":{"line":35,"column":19},"end":{"line":35,"column":92}}]},"15":{"type":"branch","line":25,"loc":{"start":{"line":25,"column":12},"end":{"line":29,"column":5}},"locations":[{"start":{"line":25,"column":12},"end":{"line":29,"column":5}}]},"16":{"type":"branch","line":26,"loc":{"start":{"line":26,"column":76},"end":{"line":28,"column":9}},"locations":[{"start":{"line":26,"column":76},"end":{"line":28,"column":9}}]},"17":{"type":"branch","line":27,"loc":{"start":{"line":27,"column":88},"end":{"line":27,"column":128}},"locations":[{"start":{"line":27,"column":88},"end":{"line":27,"column":128}}]}},"b":{"0":[4],"1":[11],"2":[10],"3":[8],"4":[3],"5":[2],"6":[1],"7":[2],"8":[31],"9":[6],"10":[6],"11":[6],"12":[7],"13":[6],"14":[6],"15":[31],"16":[19],"17":[19]},"fnMap":{"0":{"name":"get correlation_id","decl":{"start":{"line":8,"column":4},"end":{"line":10,"column":5}},"loc":{"start":{"line":8,"column":4},"end":{"line":10,"column":5}},"line":8},"1":{"name":"Log","decl":{"start":{"line":12,"column":4},"end":{"line":21,"column":5}},"loc":{"start":{"line":12,"column":4},"end":{"line":21,"column":5}},"line":12},"2":{"name":"Log.allowedLogLevels","decl":{"start":{"line":23,"column":31},"end":{"line":23,"column":119}},"loc":{"start":{"line":23,"column":31},"end":{"line":23,"column":119}},"line":23},"3":{"name":"Log.info","decl":{"start":{"line":31,"column":18},"end":{"line":31,"column":89}},"loc":{"start":{"line":31,"column":18},"end":{"line":31,"column":89}},"line":31},"4":{"name":"Log.debug","decl":{"start":{"line":32,"column":19},"end":{"line":32,"column":90}},"loc":{"start":{"line":32,"column":19},"end":{"line":32,"column":90}},"line":32},"5":{"name":"Log.warn","decl":{"start":{"line":33,"column":18},"end":{"line":33,"column":89}},"loc":{"start":{"line":33,"column":18},"end":{"line":33,"column":89}},"line":33},"6":{"name":"Log.crit","decl":{"start":{"line":34,"column":18},"end":{"line":34,"column":90}},"loc":{"start":{"line":34,"column":18},"end":{"line":34,"column":90}},"line":34},"7":{"name":"Log.error","decl":{"start":{"line":35,"column":19},"end":{"line":35,"column":92}},"loc":{"start":{"line":35,"column":19},"end":{"line":35,"column":92}},"line":35},"8":{"name":"logIfLevelInRange","decl":{"start":{"line":25,"column":12},"end":{"line":29,"column":5}},"loc":{"start":{"line":25,"column":12},"end":{"line":29,"column":5}},"line":25}},"f":{"0":4,"1":11,"2":31,"3":6,"4":6,"5":7,"6":6,"7":6,"8":31}}
}
