TN:
SF:src/log.ts
FN:8,get correlation_id
FN:12,Log
FN:23,Log.allowedLogLevels
FN:31,Log.info
FN:32,Log.debug
FN:33,Log.warn
FN:34,Log.crit
FN:35,Log.error
FN:25,logIfLevelInRange
FNF:9
FNH:9
FNDA:4,get correlation_id
FNDA:11,Log
FNDA:31,Log.allowedLogLevels
FNDA:6,Log.info
FNDA:6,Log.debug
FNDA:7,Log.warn
FNDA:6,Log.crit
FNDA:6,Log.error
FNDA:31,logIfLevelInRange
DA:1,1
DA:2,1
DA:3,1
DA:4,1
DA:5,1
DA:6,1
DA:7,1
DA:8,1
DA:9,4
DA:10,4
DA:11,1
DA:12,1
DA:13,11
DA:14,8
DA:15,8
DA:16,3
DA:17,1
DA:18,3
DA:19,2
DA:20,2
DA:21,11
DA:22,1
DA:23,1
DA:24,1
DA:25,1
DA:26,31
DA:27,19
DA:28,19
DA:29,31
DA:30,1
DA:31,1
DA:32,1
DA:33,1
DA:34,1
DA:35,1
DA:36,1
DA:37,1
LF:37
LH:37
BRDA:8,0,0,4
BRDA:12,1,0,11
BRDA:13,2,0,10
BRDA:13,3,0,8
BRDA:16,4,0,3
BRDA:16,5,0,2
BRDA:16,6,0,1
BRDA:18,7,0,2
BRDA:23,8,0,31
BRDA:23,9,0,6
BRDA:31,10,0,6
BRDA:32,11,0,6
BRDA:33,12,0,7
BRDA:34,13,0,6
BRDA:35,14,0,6
BRDA:25,15,0,31
BRDA:26,16,0,19
BRDA:27,17,0,19
BRF:18
BRH:18
end_of_record
